<?xml version="1.0" encoding="UTF-8"?>
<!-- Generated by org.testng.reporters.JUnitXMLReporter -->
<testsuite hostname="Infva05407" ignored="0" name="OneWayTest" tests="2" failures="0" timestamp="27 Jan 2019 03:40:22 GMT" time="0.35" errors="0">
  <testcase name="@BeforeTest beforeTest" time="0.011" classname="utils.Base">
    <failure type="java.lang.NullPointerException">
      <![CDATA[java.lang.NullPointerException
	at utils.Base.beforeTest(Base.java:58)
... Removed 23 stack frames]]>
    </failure>
  </testcase> <!-- @BeforeTest beforeTest -->
  <testcase name="@BeforeTest beforeTest" time="0.0" classname="utils.BaseForMasterExecute">
    <skipped/>
  </testcase> <!-- @BeforeTest beforeTest -->
  <testcase name="OneWaySearch" time="0.0" classname="execute.OneWayExec">
    <skipped/>
  </testcase> <!-- OneWaySearch -->
  <testcase name="f" time="0.003" classname="execute.FilterExec">
    <skipped/>
  </testcase> <!-- f -->
</testsuite> <!-- OneWayTest -->
